ip: 127.0.0.1, port: 29501, hosts: 2, rank: 0, local_rank: 0, gpus: 2
init_process_group finished
Args in experiment:
ip: 127.0.0.1, port: 29501, hosts: 2, rank: 1, local_rank: 1, gpus: 2
init_process_group finished
>>>>>>>start training : long_term_forecast_SEMPO_CI_ftM_sl512_ll48_pl720_pl64_dm256_nh2_el3_dl3_df128_fc1_ebtimeF_dtTrue_0>>>>>>>>>>>>>>>>>>>>>>>>>>
train 651
val 15127
test 15127
loading model
Model parameters:  4070979
	iters: 0, epoch: 1 | loss: 0.6236003 | cost_time: 94 | memory: allocated 242MB, reserved 304MB, cached 304MB 
Epoch: 1 cost time: 95.0283854007721
Epoch: 1, Steps: 20 | Train Loss: 0.6090705 Vali Loss: 0.7149297 Test Loss: 0.4567568
Validation loss decreased (inf --> 0.714930).  Saving model ...
	iters: 0, epoch: 2 | loss: 0.5644251 | cost_time: 190 | memory: allocated 271MB, reserved 332MB, cached 332MB 
Epoch: 2 cost time: 0.7891972064971924
Epoch: 2, Steps: 20 | Train Loss: 0.5783239 Vali Loss: 0.7202280 Test Loss: 0.4629583
EarlyStopping counter: 1 out of 6
	iters: 0, epoch: 3 | loss: 0.5517408 | cost_time: 2 | memory: allocated 271MB, reserved 332MB, cached 332MB 
Epoch: 3 cost time: 0.8447473049163818
Epoch: 3, Steps: 20 | Train Loss: 0.5636696 Vali Loss: 0.7231904 Test Loss: 0.4667529
EarlyStopping counter: 2 out of 6
	iters: 0, epoch: 4 | loss: 0.5449431 | cost_time: 3 | memory: allocated 271MB, reserved 332MB, cached 332MB 
Epoch: 4 cost time: 0.7960493564605713
Epoch: 4, Steps: 20 | Train Loss: 0.5548546 Vali Loss: 0.7321905 Test Loss: 0.4683328
EarlyStopping counter: 3 out of 6
	iters: 0, epoch: 5 | loss: 0.5302901 | cost_time: 3 | memory: allocated 271MB, reserved 332MB, cached 332MB 
Epoch: 5 cost time: 0.9581952095031738
Epoch: 5, Steps: 20 | Train Loss: 0.5460210 Vali Loss: 0.7365335 Test Loss: 0.4691458
EarlyStopping counter: 4 out of 6
	iters: 0, epoch: 6 | loss: 0.5193417 | cost_time: 3 | memory: allocated 271MB, reserved 332MB, cached 332MB 
Epoch: 6 cost time: 0.8160340785980225
Epoch: 6, Steps: 20 | Train Loss: 0.5394143 Vali Loss: 0.7415948 Test Loss: 0.4710115
EarlyStopping counter: 5 out of 6
	iters: 0, epoch: 7 | loss: 0.5235881 | cost_time: 3 | memory: allocated 271MB, reserved 332MB, cached 332MB 
Epoch: 7 cost time: 0.8613412380218506
Epoch: 7, Steps: 20 | Train Loss: 0.5344910 Vali Loss: 0.7429860 Test Loss: 0.4719754
EarlyStopping counter: 6 out of 6
Early stopping
>>>>>>>testing : long_term_forecast_SEMPO_CI_ftM_sl512_ll48_pl720_pl64_dm256_nh2_el3_dl3_df128_fc1_ebtimeF_dtTrue_0<<<<<<<<<<<<<<<<<<<<<<<<<<<<<<<<<
Model parameters:  6479514
test 15127
test shape: (59, 128, 720, 1) (59, 128, 720, 1)
test shape: (7552, 720, 1) (7552, 720, 1)
mse:0.3965105712413788, mae:0.4331056475639343
